<?xml version="1.0" encoding="UTF-8"?>
<!-- Generated by org.testng.reporters.JUnitXMLReporter -->
<testsuite hostname="Harmeet-PC" ignored="0" name="Test" tests="7" failures="0" timestamp="24 Jan 2020 10:18:53 GMT" time="203.636" errors="0">
  <testcase name="dropD" time="21.799" classname="assignmentFramework.dropdown"/>
  <testcase name="Category" time="28.654" classname="assignmentFramework.jQuery"/>
  <testcase name="Search" time="19.815" classname="assignmentFramework.jQuery"/>
  <testcase name="SearchBox" time="23.142" classname="assignmentFramework.jQuery"/>
  <testcase name="radio" time="17.741" classname="assignmentFramework.radioBtn"/>
  <testcase name="Check" time="26.029" classname="assignmentFramework.CheckBox"/>
  <testcase name="formAjax" time="12.585" classname="assignmentFramework.ajaxForm"/>
</testsuite> <!-- Test -->
