<?xml version="1.0" encoding="UTF-8"?>
<!-- Generated by org.testng.reporters.JUnitXMLReporter -->
<testsuite hostname="Harmeet-PC" name="Test" tests="7" failures="0" timestamp="9 Jan 2020 10:31:54 GMT" time="196.755" errors="0">
  <testcase name="dropD" time="19.623" classname="assignmentFramework.dropdown"/>
  <testcase name="Category" time="22.859" classname="assignmentFramework.jQuery"/>
  <testcase name="Search" time="16.821" classname="assignmentFramework.jQuery"/>
  <testcase name="SearchBox" time="24.461" classname="assignmentFramework.jQuery"/>
  <testcase name="radio" time="16.545" classname="assignmentFramework.radioBtn"/>
  <testcase name="Check" time="25.548" classname="assignmentFramework.CheckBox"/>
  <testcase name="formAjax" time="13.826" classname="assignmentFramework.ajaxForm"/>
</testsuite> <!-- Test -->
