<?xml version="1.0" encoding="UTF-8"?>
<!-- Generated by org.testng.reporters.JUnitXMLReporter -->
<testsuite hostname="Harmeet-PC" ignored="0" name="Default test" tests="6" failures="0" timestamp="03 Jan 2020 11:15:32 GMT" time="0.134" errors="0">
  <testcase name="LoginUser" time="0.023" classname="testNGtest.DataProviderPara"/>
  <testcase name="LoginUser" time="0.0" classname="testNGtest.DataProviderPara"/>
  <testcase name="LoginUser" time="0.0" classname="testNGtest.DataProviderPara"/>
  <testcase name="registerUser" time="0.0" classname="testNGtest.DataProviderPara"/>
  <testcase name="registerUser" time="0.0" classname="testNGtest.DataProviderPara"/>
  <testcase name="registerUser" time="0.0" classname="testNGtest.DataProviderPara"/>
</testsuite> <!-- Default test -->
