<?xml version="1.0" encoding="UTF-8"?>
<!-- Generated by org.testng.reporters.JUnitXMLReporter -->
<testsuite hostname="Harmeet-PC" ignored="0" name="Test" tests="3" failures="0" timestamp="2020-12-31T14:18:14 IST" time="0.105" errors="0">
  <testcase name="func" time="0.008" classname="com.pcs.collections.HashSetDemo"/>
  <testcase name="func" time="0.008" classname="com.pcs.collections.ArrayListDemo"/>
  <testcase name="func" time="0.008" classname="com.pcs.collections.HashMapDemo"/>
</testsuite> <!-- Test -->
