<?xml version="1.0" encoding="UTF-8"?>
<testng-results skipped="0" failed="1" total="10" passed="9">
  <reporter-output>
  </reporter-output>
  <suite name="Suite" duration-ms="68924" started-at="2020-01-09T10:27:28Z" finished-at="2020-01-09T10:28:37Z">
    <groups>
    </groups>
    <test name="Test" duration-ms="68924" started-at="2020-01-09T10:27:28Z" finished-at="2020-01-09T10:28:37Z">
      <class name="assignmentFramework.App">
        <test-method status="PASS" signature="AppRun(java.lang.String)[pri:0, instance:assignmentFramework.App@6cc4c815]" name="AppRun" duration-ms="17804" started-at="2020-01-09T15:57:58Z" finished-at="2020-01-09T15:58:16Z">
          <params>
            <param index="0">
              <value>
                <![CDATA[http://the-internet.herokuapp.com/]]>
              </value>
            </param>
          </params>
          <reporter-output>
          </reporter-output>
        </test-method> <!-- AppRun -->
      </class> <!-- assignmentFramework.App -->
      <class name="assignmentFramework.BasicAuth">
        <test-method status="FAIL" signature="Auth(java.lang.String)[pri:0, instance:assignmentFramework.BasicAuth@23ceabc1]" name="Auth" duration-ms="30169" started-at="2020-01-09T15:57:28Z" finished-at="2020-01-09T15:57:58Z">
          <params>
            <param index="0">
              <value>
                <![CDATA[http://the-internet.herokuapp.com/]]>
              </value>
            </param>
          </params>
          <exception class="org.openqa.selenium.UnhandledAlertException">
            <message>
              <![CDATA[Dismissed user prompt dialog: http://the-internet.herokuapp.com is requesting your username and password. The site says: “Restricted Area”: 
Build info: version: '3.141.59', revision: 'e82be7d358', time: '2018-11-14T08:17:03'
System info: host: 'HARMEET-PC', ip: '10.0.75.1', os.name: 'Windows 10', os.arch: 'amd64', os.version: '10.0', java.version: '1.8.0_201'
Driver info: org.openqa.selenium.firefox.FirefoxDriver
Capabilities {acceptInsecureCerts: true, browserName: firefox, browserVersion: 68.3.0, javascriptEnabled: true, moz:accessibilityChecks: false, moz:buildID: 20191126000427, moz:geckodriverVersion: 0.24.0, moz:headless: false, moz:processID: 4740, moz:profile: C:\Users\Harmeet\AppData\Lo..., moz:shutdownTimeout: 60000, moz:useNonSpecCompliantPointerOrigin: false, moz:webdriverClick: true, pageLoadStrategy: normal, platform: WINDOWS, platformName: WINDOWS, platformVersion: 10.0, rotatable: false, setWindowRect: true, strictFileInteractability: false, timeouts: {implicit: 0, pageLoad: 300000, script: 30000}, unhandledPromptBehavior: dismiss and notify}
Session ID: 70789c15-79ab-4975-bca4-1a2eb2bb7396]]>
            </message>
            <full-stacktrace>
              <![CDATA[org.openqa.selenium.UnhandledAlertException: Dismissed user prompt dialog: http://the-internet.herokuapp.com is requesting your username and password. The site says: “Restricted Area”: 
Build info: version: '3.141.59', revision: 'e82be7d358', time: '2018-11-14T08:17:03'
System info: host: 'HARMEET-PC', ip: '10.0.75.1', os.name: 'Windows 10', os.arch: 'amd64', os.version: '10.0', java.version: '1.8.0_201'
Driver info: org.openqa.selenium.firefox.FirefoxDriver
Capabilities {acceptInsecureCerts: true, browserName: firefox, browserVersion: 68.3.0, javascriptEnabled: true, moz:accessibilityChecks: false, moz:buildID: 20191126000427, moz:geckodriverVersion: 0.24.0, moz:headless: false, moz:processID: 4740, moz:profile: C:\Users\Harmeet\AppData\Lo..., moz:shutdownTimeout: 60000, moz:useNonSpecCompliantPointerOrigin: false, moz:webdriverClick: true, pageLoadStrategy: normal, platform: WINDOWS, platformName: WINDOWS, platformVersion: 10.0, rotatable: false, setWindowRect: true, strictFileInteractability: false, timeouts: {implicit: 0, pageLoad: 300000, script: 30000}, unhandledPromptBehavior: dismiss and notify}
Session ID: 70789c15-79ab-4975-bca4-1a2eb2bb7396
	at org.openqa.selenium.remote.http.W3CHttpResponseCodec.decode(W3CHttpResponseCodec.java:120)
	at org.openqa.selenium.remote.http.W3CHttpResponseCodec.decode(W3CHttpResponseCodec.java:49)
	at org.openqa.selenium.remote.HttpCommandExecutor.execute(HttpCommandExecutor.java:158)
	at org.openqa.selenium.remote.service.DriverCommandExecutor.execute(DriverCommandExecutor.java:83)
	at org.openqa.selenium.remote.RemoteWebDriver.execute(RemoteWebDriver.java:552)
	at org.openqa.selenium.remote.RemoteWebDriver.execute(RemoteWebDriver.java:609)
	at org.openqa.selenium.remote.RemoteWebDriver.close(RemoteWebDriver.java:442)
	at assignmentFramework.BasicAuth.Auth(BasicAuth.java:46)
	at sun.reflect.NativeMethodAccessorImpl.invoke0(Native Method)
	at sun.reflect.NativeMethodAccessorImpl.invoke(Unknown Source)
	at sun.reflect.DelegatingMethodAccessorImpl.invoke(Unknown Source)
	at java.lang.reflect.Method.invoke(Unknown Source)
	at org.testng.internal.MethodInvocationHelper.invokeMethod(MethodInvocationHelper.java:85)
	at org.testng.internal.Invoker.invokeMethod(Invoker.java:639)
	at org.testng.internal.Invoker.invokeTestMethod(Invoker.java:816)
	at org.testng.internal.Invoker.invokeTestMethods(Invoker.java:1124)
	at org.testng.internal.TestMethodWorker.invokeTestMethods(TestMethodWorker.java:125)
	at org.testng.internal.TestMethodWorker.run(TestMethodWorker.java:108)
	at org.testng.TestRunner.privateRun(TestRunner.java:774)
	at org.testng.TestRunner.run(TestRunner.java:624)
	at org.testng.SuiteRunner.runTest(SuiteRunner.java:359)
	at org.testng.SuiteRunner.runSequentially(SuiteRunner.java:354)
	at org.testng.SuiteRunner.privateRun(SuiteRunner.java:312)
	at org.testng.SuiteRunner.run(SuiteRunner.java:261)
	at org.testng.SuiteRunnerWorker.runSuite(SuiteRunnerWorker.java:52)
	at org.testng.SuiteRunnerWorker.run(SuiteRunnerWorker.java:86)
	at org.testng.TestNG.runSuitesSequentially(TestNG.java:1191)
	at org.testng.TestNG.runSuitesSequentially(TestNG.java:1187)
	at org.testng.TestNG.runSuitesLocally(TestNG.java:1116)
	at org.testng.TestNG.run(TestNG.java:1024)
	at org.apache.maven.surefire.testng.TestNGExecutor.run(TestNGExecutor.java:283)
	at org.apache.maven.surefire.testng.TestNGXmlTestSuite.execute(TestNGXmlTestSuite.java:75)
	at org.apache.maven.surefire.testng.TestNGProvider.invoke(TestNGProvider.java:120)
	at org.apache.maven.surefire.booter.ForkedBooter.runSuitesInProcess(ForkedBooter.java:377)
	at org.apache.maven.surefire.booter.ForkedBooter.execute(ForkedBooter.java:138)
	at org.apache.maven.surefire.booter.ForkedBooter.run(ForkedBooter.java:465)
	at org.apache.maven.surefire.booter.ForkedBooter.main(ForkedBooter.java:451)
]]>
            </full-stacktrace>
          </exception> <!-- org.openqa.selenium.UnhandledAlertException -->
          <reporter-output>
          </reporter-output>
        </test-method> <!-- Auth -->
      </class> <!-- assignmentFramework.BasicAuth -->
      <class name="assignmentFramework.AddRemove">
        <test-method status="PASS" signature="Element(java.lang.String)[pri:0, instance:assignmentFramework.AddRemove@3a82f6ef]" name="Element" duration-ms="20902" started-at="2020-01-09T15:58:16Z" finished-at="2020-01-09T15:58:37Z">
          <params>
            <param index="0">
              <value>
                <![CDATA[http://the-internet.herokuapp.com/]]>
              </value>
            </param>
          </params>
          <reporter-output>
          </reporter-output>
        </test-method> <!-- Element -->
      </class> <!-- assignmentFramework.AddRemove -->
    </test> <!-- Test -->
  </suite> <!-- Suite -->
  <suite name="FirstSuite" duration-ms="0" started-at="2020-01-09T10:31:55Z" finished-at="2020-01-09T10:31:55Z">
    <groups>
    </groups>
  </suite> <!-- FirstSuite -->
  <suite name="Assignment01" duration-ms="196755" started-at="2020-01-09T10:28:37Z" finished-at="2020-01-09T10:31:54Z">
    <groups>
    </groups>
    <test name="Test" duration-ms="196755" started-at="2020-01-09T10:28:37Z" finished-at="2020-01-09T10:31:54Z">
      <class name="assignmentFramework.jQuery">
        <test-method status="PASS" signature="beforeMeth()[pri:0, instance:assignmentFramework.jQuery@29ee9faa]" name="beforeMeth" is-config="true" duration-ms="9830" started-at="2020-01-09T15:59:05Z" finished-at="2020-01-09T15:59:14Z">
          <reporter-output>
          </reporter-output>
        </test-method> <!-- beforeMeth -->
        <test-method status="PASS" signature="Category()[pri:0, instance:assignmentFramework.jQuery@29ee9faa]" name="Category" duration-ms="22859" started-at="2020-01-09T15:59:14Z" finished-at="2020-01-09T15:59:37Z">
          <reporter-output>
          </reporter-output>
        </test-method> <!-- Category -->
        <test-method status="PASS" signature="beforeMeth()[pri:0, instance:assignmentFramework.jQuery@29ee9faa]" name="beforeMeth" is-config="true" duration-ms="7417" started-at="2020-01-09T15:59:37Z" finished-at="2020-01-09T15:59:45Z">
          <reporter-output>
          </reporter-output>
        </test-method> <!-- beforeMeth -->
        <test-method status="PASS" signature="Search()[pri:0, instance:assignmentFramework.jQuery@29ee9faa]" name="Search" duration-ms="16821" started-at="2020-01-09T15:59:45Z" finished-at="2020-01-09T16:00:02Z">
          <reporter-output>
          </reporter-output>
        </test-method> <!-- Search -->
        <test-method status="PASS" signature="beforeMeth()[pri:0, instance:assignmentFramework.jQuery@29ee9faa]" name="beforeMeth" is-config="true" duration-ms="6982" started-at="2020-01-09T16:00:02Z" finished-at="2020-01-09T16:00:09Z">
          <reporter-output>
          </reporter-output>
        </test-method> <!-- beforeMeth -->
        <test-method status="PASS" signature="SearchBox()[pri:0, instance:assignmentFramework.jQuery@29ee9faa]" name="SearchBox" duration-ms="24461" started-at="2020-01-09T16:00:09Z" finished-at="2020-01-09T16:00:33Z">
          <reporter-output>
          </reporter-output>
        </test-method> <!-- SearchBox -->
      </class> <!-- assignmentFramework.jQuery -->
      <class name="assignmentFramework.radioBtn">
        <test-method status="PASS" signature="beforeMeth()[pri:0, instance:assignmentFramework.radioBtn@c038203]" name="beforeMeth" is-config="true" duration-ms="7876" started-at="2020-01-09T16:00:33Z" finished-at="2020-01-09T16:00:41Z">
          <reporter-output>
          </reporter-output>
        </test-method> <!-- beforeMeth -->
        <test-method status="PASS" signature="radio()[pri:0, instance:assignmentFramework.radioBtn@c038203]" name="radio" duration-ms="16545" started-at="2020-01-09T16:00:41Z" finished-at="2020-01-09T16:00:57Z">
          <reporter-output>
          </reporter-output>
        </test-method> <!-- radio -->
      </class> <!-- assignmentFramework.radioBtn -->
      <class name="assignmentFramework.dropdown">
        <test-method status="PASS" signature="beforeMeth()[pri:0, instance:assignmentFramework.dropdown@6767c1fc]" name="beforeMeth" is-config="true" duration-ms="7884" started-at="2020-01-09T15:58:37Z" finished-at="2020-01-09T15:58:45Z">
          <reporter-output>
          </reporter-output>
        </test-method> <!-- beforeMeth -->
        <test-method status="PASS" signature="dropD()[pri:0, instance:assignmentFramework.dropdown@6767c1fc]" name="dropD" duration-ms="19623" started-at="2020-01-09T15:58:45Z" finished-at="2020-01-09T15:59:05Z">
          <reporter-output>
          </reporter-output>
        </test-method> <!-- dropD -->
      </class> <!-- assignmentFramework.dropdown -->
      <class name="assignmentFramework.CheckBox">
        <test-method status="PASS" signature="Check()[pri:0, instance:assignmentFramework.CheckBox@cc285f4]" name="Check" duration-ms="25548" started-at="2020-01-09T16:00:57Z" finished-at="2020-01-09T16:01:23Z">
          <reporter-output>
          </reporter-output>
        </test-method> <!-- Check -->
      </class> <!-- assignmentFramework.CheckBox -->
      <class name="assignmentFramework.ajaxForm">
        <test-method status="PASS" signature="beforeMeth()[pri:0, instance:assignmentFramework.ajaxForm@55f3ddb1]" name="beforeMeth" is-config="true" duration-ms="7689" started-at="2020-01-09T16:01:23Z" finished-at="2020-01-09T16:01:31Z">
          <reporter-output>
          </reporter-output>
        </test-method> <!-- beforeMeth -->
        <test-method status="PASS" signature="formAjax()[pri:0, instance:assignmentFramework.ajaxForm@55f3ddb1]" name="formAjax" duration-ms="13826" started-at="2020-01-09T16:01:31Z" finished-at="2020-01-09T16:01:44Z">
          <reporter-output>
          </reporter-output>
        </test-method> <!-- formAjax -->
        <test-method status="PASS" signature="afterMeth()[pri:0, instance:assignmentFramework.ajaxForm@55f3ddb1]" name="afterMeth" is-config="true" duration-ms="4891" started-at="2020-01-09T16:01:44Z" finished-at="2020-01-09T16:01:49Z">
          <reporter-output>
          </reporter-output>
        </test-method> <!-- afterMeth -->
        <test-method status="PASS" signature="afterMeth()[pri:0, instance:assignmentFramework.dropdown@6767c1fc]" name="afterMeth" is-config="true" duration-ms="1696" started-at="2020-01-09T16:01:49Z" finished-at="2020-01-09T16:01:51Z">
          <reporter-output>
          </reporter-output>
        </test-method> <!-- afterMeth -->
        <test-method status="PASS" signature="afterMeth()[pri:0, instance:assignmentFramework.radioBtn@c038203]" name="afterMeth" is-config="true" duration-ms="2771" started-at="2020-01-09T16:01:51Z" finished-at="2020-01-09T16:01:54Z">
          <reporter-output>
          </reporter-output>
        </test-method> <!-- afterMeth -->
      </class> <!-- assignmentFramework.ajaxForm -->
    </test> <!-- Test -->
  </suite> <!-- Assignment01 -->
</testng-results>
