<?xml version="1.0" encoding="UTF-8"?>
<testsuite xmlns:xsi="http://www.w3.org/2001/XMLSchema-instance" xsi:noNamespaceSchemaLocation="https://maven.apache.org/surefire/maven-surefire-plugin/xsd/surefire-test-report-3.0.xsd" version="3.0" name="TestSuite" time="268.197" tests="10" errors="0" skipped="0" failures="1">
  <properties>
[...]
</properties>
  <testcase name="Auth" classname="assignmentFramework.BasicAuth" time="30.194">
    <failure message="Dismissed user prompt dialog: http://the-internet.herokuapp.com is requesting your username and password. The site says: “Restricted Area”: &#10;Build info: version: &apos;3.141.59&apos;, revision: &apos;e82be7d358&apos;, time: &apos;2018-11-14T08:17:03&apos;&#10;System info: host: &apos;HARMEET-PC&apos;, ip: &apos;10.0.75.1&apos;, os.name: &apos;Windows 10&apos;, os.arch: &apos;amd64&apos;, os.version: &apos;10.0&apos;, java.version: &apos;1.8.0_201&apos;&#10;Driver info: org.openqa.selenium.firefox.FirefoxDriver&#10;Capabilities {acceptInsecureCerts: true, browserName: firefox, browserVersion: 68.3.0, javascriptEnabled: true, moz:accessibilityChecks: false, moz:buildID: 20191126000427, moz:geckodriverVersion: 0.24.0, moz:headless: false, moz:processID: 4740, moz:profile: C:\Users\Harmeet\AppData\Lo..., moz:shutdownTimeout: 60000, moz:useNonSpecCompliantPointerOrigin: false, moz:webdriverClick: true, pageLoadStrategy: normal, platform: WINDOWS, platformName: WINDOWS, platformVersion: 10.0, rotatable: false, setWindowRect: true, strictFileInteractability: false, timeouts: {implicit: 0, pageLoad: 300000, script: 30000}, unhandledPromptBehavior: dismiss and notify}&#10;Session ID: 70789c15-79ab-4975-bca4-1a2eb2bb7396" type="org.openqa.selenium.UnhandledAlertException"><![CDATA[org.openqa.selenium.UnhandledAlertException: 
Dismissed user prompt dialog: http://the-internet.herokuapp.com is requesting your username and password. The site says: “Restricted Area”: 
Build info: version: '3.141.59', revision: 'e82be7d358', time: '2018-11-14T08:17:03'
System info: host: 'HARMEET-PC', ip: '10.0.75.1', os.name: 'Windows 10', os.arch: 'amd64', os.version: '10.0', java.version: '1.8.0_201'
Driver info: org.openqa.selenium.firefox.FirefoxDriver
Capabilities {acceptInsecureCerts: true, browserName: firefox, browserVersion: 68.3.0, javascriptEnabled: true, moz:accessibilityChecks: false, moz:buildID: 20191126000427, moz:geckodriverVersion: 0.24.0, moz:headless: false, moz:processID: 4740, moz:profile: C:\Users\Harmeet\AppData\Lo..., moz:shutdownTimeout: 60000, moz:useNonSpecCompliantPointerOrigin: false, moz:webdriverClick: true, pageLoadStrategy: normal, platform: WINDOWS, platformName: WINDOWS, platformVersion: 10.0, rotatable: false, setWindowRect: true, strictFileInteractability: false, timeouts: {implicit: 0, pageLoad: 300000, script: 30000}, unhandledPromptBehavior: dismiss and notify}
Session ID: 70789c15-79ab-4975-bca4-1a2eb2bb7396
	at assignmentFramework.BasicAuth.Auth(BasicAuth.java:46)
]]></failure>
    <system-out><![CDATA[[TestRunner] Running the tests in 'Test' with parallel mode:false
[RunInfo] Adding method selector: org.testng.internal.XmlMethodSelector@6b2fad11 priority: 10
[TestClass] Creating TestClass for [ClassImpl class=assignmentFramework.BasicAuth]
[TestClass] Adding method BasicAuth.Auth(java.lang.String)[pri:0, instance:null] on TestClass class assignmentFramework.BasicAuth
[TestClass] Creating TestClass for [ClassImpl class=assignmentFramework.App]
[TestClass] Adding method App.AppRun(java.lang.String)[pri:0, instance:null] on TestClass class assignmentFramework.App
[TestClass] Creating TestClass for [ClassImpl class=assignmentFramework.AddRemove]
[TestClass] Adding method AddRemove.Element(java.lang.String)[pri:0, instance:null] on TestClass class assignmentFramework.AddRemove
[XmlMethodSelector] Including method assignmentFramework.Auth()
[XmlMethodSelector] Including method assignmentFramework.AppRun()
[XmlMethodSelector] Including method assignmentFramework.Element()
[TestRunner] Running the tests in 'Test' with parallel mode:false
[RunInfo] Adding method selector: org.testng.internal.XmlMethodSelector@2a5ca609 priority: 10
[TestClass] Creating TestClass for [ClassImpl class=assignmentFramework.dropdown]
[TestClass] Adding method dropdown.dropD()[pri:0, instance:null] on TestClass class assignmentFramework.dropdown
[XmlMethodSelector] Including method assignmentFramework.afterMeth()
[XmlMethodSelector] Including method assignmentFramework.beforeMeth()
[TestClass] Creating TestClass for [ClassImpl class=assignmentFramework.jQuery]
[TestClass] Adding method jQuery.Category()[pri:0, instance:null] on TestClass class assignmentFramework.jQuery
[TestClass] Adding method jQuery.Search()[pri:0, instance:null] on TestClass class assignmentFramework.jQuery
[TestClass] Adding method jQuery.SearchBox()[pri:0, instance:null] on TestClass class assignmentFramework.jQuery
[TestClass] Creating TestClass for [ClassImpl class=assignmentFramework.radioBtn]
[TestClass] Adding method radioBtn.radio()[pri:0, instance:null] on TestClass class assignmentFramework.radioBtn
[TestClass] Creating TestClass for [ClassImpl class=assignmentFramework.CheckBox]
[TestClass] Adding method CheckBox.Check()[pri:0, instance:null] on TestClass class assignmentFramework.CheckBox
[TestClass] Creating TestClass for [ClassImpl class=assignmentFramework.ajaxForm]
[TestClass] Adding method ajaxForm.formAjax()[pri:0, instance:null] on TestClass class assignmentFramework.ajaxForm
[XmlMethodSelector] Including method assignmentFramework.dropD()
[XmlMethodSelector] Including method assignmentFramework.Category()
[XmlMethodSelector] Including method assignmentFramework.Search()
[XmlMethodSelector] Including method assignmentFramework.SearchBox()
[XmlMethodSelector] Including method assignmentFramework.radio()
[XmlMethodSelector] Including method assignmentFramework.Check()
[XmlMethodSelector] Including method assignmentFramework.formAjax()
[SuiteRunner] Created 1 TestRunners
[TestRunner] Running test Test on 3  classes,  included groups:[] excluded groups:[]
===== Test class
assignmentFramework.BasicAuth
    @Test BasicAuth.Auth(java.lang.String)[pri:0, instance:assignmentFramework.BasicAuth@23ceabc1]
======
===== Test class
assignmentFramework.App
    @Test App.AppRun(java.lang.String)[pri:0, instance:assignmentFramework.App@6cc4c815]
======
===== Test class
assignmentFramework.AddRemove
    @Test AddRemove.Element(java.lang.String)[pri:0, instance:assignmentFramework.AddRemove@3a82f6ef]
======
[Invoker 876563773] Invoking assignmentFramework.BasicAuth.Auth
Project path E:\git\SeleniumJava\Assign\Assignment
alert message is http://the-internet.herokuapp.com is requesting your username and password. The site says: “Restricted Area”
]]></system-out>
    <system-err><![CDATA[1578565652034	mozrunner::runner	INFO	Running command: "C:\\Program Files (x86)\\Mozilla Firefox\\firefox.exe" "-marionette" "-foreground" "-no-remote" "-profile" "C:\\Users\\Harmeet\\AppData\\Local\\Temp\\rust_mozprofile.o1eAyxOSraQe"
1578565653706	addons.webextension.screenshots@mozilla.org	WARN	Loading extension 'screenshots@mozilla.org': Reading manifest: Invalid extension permission: mozillaAddons
1578565653707	addons.webextension.screenshots@mozilla.org	WARN	Loading extension 'screenshots@mozilla.org': Reading manifest: Invalid extension permission: telemetry
1578565653707	addons.webextension.screenshots@mozilla.org	WARN	Loading extension 'screenshots@mozilla.org': Reading manifest: Invalid extension permission: resource://pdf.js/
1578565653708	addons.webextension.screenshots@mozilla.org	WARN	Loading extension 'screenshots@mozilla.org': Reading manifest: Invalid extension permission: about:reader*
JavaScript error: resource:///modules/sessionstore/SessionStore.jsm, line 1325: uncaught exception: 2147746065
1578565659494	Marionette	INFO	Listening on port 52291
1578565659956	Marionette	WARN	TLS certificate errors will be ignored for this session
Jan 09, 2020 3:57:40 PM org.openqa.selenium.remote.ProtocolHandshake createSession
INFO: Detected dialect: W3C
]]></system-err>
  </testcase>
  <testcase name="AppRun" classname="assignmentFramework.App" time="17.796"/>
  <testcase name="Element" classname="assignmentFramework.AddRemove" time="20.903"/>
  <testcase name="dropD" classname="assignmentFramework.dropdown" time="19.623"/>
  <testcase name="Category" classname="assignmentFramework.jQuery" time="22.865"/>
  <testcase name="Search" classname="assignmentFramework.jQuery" time="16.82"/>
  <testcase name="SearchBox" classname="assignmentFramework.jQuery" time="24.457"/>
  <testcase name="radio" classname="assignmentFramework.radioBtn" time="16.541"/>
  <testcase name="Check" classname="assignmentFramework.CheckBox" time="25.548"/>
  <testcase name="formAjax" classname="assignmentFramework.ajaxForm" time="13.822"/>
</testsuite>