<?xml version="1.0" encoding="UTF-8"?>
<!-- Generated by org.testng.reporters.JUnitXMLReporter -->
<testsuite hostname="Harmeet-PC" ignored="0" name="Test" tests="1" failures="0" timestamp="2020-11-24T20:07:59 IST" time="3.042" errors="0">
  <testcase name="@BeforeMethod beforeM" time="3.016" classname="com.pcs.failedTestCase.ScreenshotTest">
    <failure type="java.lang.NoSuchMethodError" message="com.google.common.collect.ImmutableSortedSet.toImmutableSortedSet(Ljava/util/Comparator;)Ljava/util/stream/Collector;">
      <![CDATA[java.lang.NoSuchMethodError: com.google.common.collect.ImmutableSortedSet.toImmutableSortedSet(Ljava/util/Comparator;)Ljava/util/stream/Collector;
at org.openqa.selenium.remote.NewSessionPayload.lambda$validate$3(NewSessionPayload.java:193)
at java.util.stream.ReferencePipeline$11$1.accept(Unknown Source)
at java.util.stream.ReferencePipeline$3$1.accept(Unknown Source)
at java.util.stream.ReferencePipeline$11$1.accept(Unknown Source)
at java.util.Iterator.forEachRemaining(Unknown Source)
at java.util.Spliterators$IteratorSpliterator.forEachRemaining(Unknown Source)
at java.util.stream.AbstractPipeline.copyInto(Unknown Source)
at java.util.stream.AbstractPipeline.wrapAndCopyInto(Unknown Source)
at java.util.stream.ForEachOps$ForEachOp.evaluateSequential(Unknown Source)
at java.util.stream.ForEachOps$ForEachOp$OfRef.evaluateSequential(Unknown Source)
at java.util.stream.AbstractPipeline.evaluate(Unknown Source)
at java.util.stream.ReferencePipeline.forEach(Unknown Source)
at org.openqa.selenium.remote.NewSessionPayload.validate(NewSessionPayload.java:209)
at org.openqa.selenium.remote.NewSessionPayload.<init>(NewSessionPayload.java:154)
at org.openqa.selenium.remote.NewSessionPayload.create(NewSessionPayload.java:101)
at org.openqa.selenium.remote.NewSessionPayload.create(NewSessionPayload.java:94)
at org.openqa.selenium.remote.ProtocolHandshake.createSession(ProtocolHandshake.java:68)
at org.openqa.selenium.remote.HttpCommandExecutor.execute(HttpCommandExecutor.java:136)
at org.openqa.selenium.remote.service.DriverCommandExecutor.execute(DriverCommandExecutor.java:83)
at org.openqa.selenium.remote.RemoteWebDriver.execute(RemoteWebDriver.java:552)
at org.openqa.selenium.remote.RemoteWebDriver.startSession(RemoteWebDriver.java:213)
at org.openqa.selenium.remote.RemoteWebDriver.<init>(RemoteWebDriver.java:131)
at org.openqa.selenium.firefox.FirefoxDriver.<init>(FirefoxDriver.java:147)
at org.openqa.selenium.firefox.FirefoxDriver.<init>(FirefoxDriver.java:125)
at com.pcs.failedTestCase.BaseClassTC.func(BaseClassTC.java:18)
at com.pcs.failedTestCase.ScreenshotTest.beforeM(ScreenshotTest.java:17)
at java.util.ArrayList.forEach(Unknown Source)
... Removed 32 stack frames]]>
    </failure>
  </testcase> <!-- @BeforeMethod beforeM -->
  <testcase name="@AfterMethod afterM" time="-1.606228679897E9" classname="com.pcs.failedTestCase.ScreenshotTest">
    <skipped/>
  </testcase> <!-- @AfterMethod afterM -->
  <testcase name="Test01" time="0.0" classname="com.pcs.failedTestCase.ScreenshotTest">
    <skipped/>
  </testcase> <!-- Test01 -->
</testsuite> <!-- Test -->
