<?xml version="1.0" encoding="UTF-8"?>
<testng-results skipped="0" failed="0" ignored="0" total="1" passed="1">
  <reporter-output>
  </reporter-output>
  <suite name="Default suite" duration-ms="23467" started-at="2020-12-28T17:07:14 IST" finished-at="2020-12-28T17:07:38 IST">
    <groups>
    </groups>
    <test name="Default test" duration-ms="23467" started-at="2020-12-28T17:07:14 IST" finished-at="2020-12-28T17:07:38 IST">
      <class name="assignmentFramework.dropdown">
        <test-method status="PASS" signature="beforeMeth()[pri:0, instance:assignmentFramework.dropdown@38bc8ab5]" name="beforeMeth" is-config="true" duration-ms="7422" started-at="2020-12-28T17:07:14 IST" finished-at="2020-12-28T17:07:22 IST">
          <reporter-output>
          </reporter-output>
        </test-method> <!-- beforeMeth -->
        <test-method status="PASS" signature="dropD()[pri:0, instance:assignmentFramework.dropdown@38bc8ab5]" name="dropD" duration-ms="12956" started-at="2020-12-28T17:07:22 IST" finished-at="2020-12-28T17:07:35 IST">
          <reporter-output>
          </reporter-output>
        </test-method> <!-- dropD -->
        <test-method status="PASS" signature="afterMeth()[pri:0, instance:assignmentFramework.dropdown@38bc8ab5]" name="afterMeth" is-config="true" duration-ms="3017" started-at="2020-12-28T17:07:35 IST" finished-at="2020-12-28T17:07:38 IST">
          <reporter-output>
          </reporter-output>
        </test-method> <!-- afterMeth -->
      </class> <!-- assignmentFramework.dropdown -->
    </test> <!-- Default test -->
  </suite> <!-- Default suite -->
</testng-results>
